<?xml version="1.0" encoding="UTF-8"?>
<!-- Generated by org.testng.reporters.JUnitXMLReporter -->
<testsuite ignored="4" hostname="Khosruz" failures="0" tests="1" name="Default test" time="1.584" errors="0" timestamp="2024-05-27T11:48:24 EDT">
  <testcase classname="com.Pages.Students" name="delectRecord_DELETE" time="1.536"/>
  <testcase classname="com.Pages.Students" name="updateStudentRecord_PUT" time="0.0">
    <ignored/>
  </testcase> <!-- updateStudentRecord_PUT -->
  <testcase classname="com.Pages.Students" name="addStudent_POST" time="0.0">
    <ignored/>
  </testcase> <!-- addStudent_POST -->
  <testcase classname="com.Pages.Students" name="getAllStudents_GET" time="0.0">
    <ignored/>
  </testcase> <!-- getAllStudents_GET -->
  <testcase classname="com.Pages.Students" name="getPerticulerStudents_GET" time="0.0">
    <ignored/>
  </testcase> <!-- getPerticulerStudents_GET -->
</testsuite> <!-- Default test -->
