<?xml version="1.0" encoding="UTF-8"?>
<testng-results ignored="4" total="5" passed="1" failed="0" skipped="0">
  <reporter-output>
  </reporter-output>
  <suite started-at="2024-05-27T11:48:23 EDT" name="Default suite" finished-at="2024-05-27T11:48:24 EDT" duration-ms="1584">
    <groups>
    </groups>
    <test started-at="2024-05-27T11:48:23 EDT" name="Default test" finished-at="2024-05-27T11:48:24 EDT" duration-ms="1584">
      <class name="com.Pages.Students">
        <test-method signature="delectRecord_DELETE()[pri:0, instance:com.Pages.Students@483b7dc4]" started-at="2024-05-27T11:48:23 EDT" name="delectRecord_DELETE" finished-at="2024-05-27T11:48:24 EDT" duration-ms="1536" status="PASS">
          <reporter-output>
          </reporter-output>
        </test-method> <!-- delectRecord_DELETE -->
      </class> <!-- com.Pages.Students -->
    </test> <!-- Default test -->
  </suite> <!-- Default suite -->
</testng-results>
