<?xml version="1.0" encoding="UTF-8"?>
<testng-results ignored="0" total="2" passed="2" failed="0" skipped="0">
  <reporter-output>
  </reporter-output>
  <suite started-at="2024-05-26T15:44:31 EDT" name="Default suite" finished-at="2024-05-26T15:44:33 EDT" duration-ms="1043">
    <groups>
    </groups>
    <test started-at="2024-05-26T15:44:31 EDT" name="Default test" finished-at="2024-05-26T15:44:33 EDT" duration-ms="1043">
      <class name="com.Pages.Students">
        <test-method signature="addStudent()[pri:0, instance:com.Pages.Students@778d1062]" started-at="2024-05-26T15:44:31 EDT" name="addStudent" finished-at="2024-05-26T15:44:32 EDT" duration-ms="987" status="PASS">
          <reporter-output>
          </reporter-output>
        </test-method> <!-- addStudent -->
        <test-method signature="getAllStudents()[pri:0, instance:com.Pages.Students@778d1062]" started-at="2024-05-26T15:44:32 EDT" name="getAllStudents" finished-at="2024-05-26T15:44:33 EDT" duration-ms="29" status="PASS">
          <reporter-output>
          </reporter-output>
        </test-method> <!-- getAllStudents -->
      </class> <!-- com.Pages.Students -->
    </test> <!-- Default test -->
  </suite> <!-- Default suite -->
</testng-results>
